0 verbose cli D:\nodejs\node.exe D:\nodejs\node_modules\npm\bin\npm-cli.js
1 info using npm@11.12.1
2 info using node@v24.15.0
3 silly config load:file:D:\nodejs\node_modules\npm\npmrc
4 silly config load:file:D:\aerial-program\new-platform\frontend\.npmrc
5 silly config load:file:C:\Users\LENOVO\.npmrc
6 silly config load:file:D:\nodejs\node_global\etc\npmrc
7 verbose title npm install @types/three@^0.162.0
8 verbose argv "install" "--cache" "./.npm-cache" "--no-fund" "--no-audit" "--save-dev" "@types/three@^0.162.0"
9 verbose logfile logs-max:10 dir:D:\aerial-program\new-platform\frontend\.npm-cache\_logs\2026-04-21T05_25_08_195Z-
10 verbose logfile D:\aerial-program\new-platform\frontend\.npm-cache\_logs\2026-04-21T05_25_08_195Z-debug-0.log
11 silly logfile done cleaning log files
12 silly packumentCache heap:4496293888 maxSize:1124073472 maxEntrySize:562036736
13 silly idealTree buildDeps
14 silly fetch manifest @types/three@^0.162.0
15 silly packumentCache full:https://registry.npmjs.org/@types%2fthree cache-miss
16 http fetch GET 200 https://registry.npmjs.org/@types%2fthree 296ms (cache miss)
17 silly packumentCache full:https://registry.npmjs.org/@types%2fthree set size:undefined disposed:false
18 silly placeDep ROOT @types/three@0.162.0 OK for: mini-sim-frontend@0.1.0 want: ^0.162.0
19 silly fetch manifest fflate@~0.6.10
20 silly packumentCache full:https://registry.npmjs.org/fflate cache-miss
21 silly fetch manifest @types/webxr@*
22 silly packumentCache full:https://registry.npmjs.org/@types%2fwebxr cache-miss
23 silly fetch manifest meshoptimizer@~0.18.1
24 silly packumentCache full:https://registry.npmjs.org/meshoptimizer cache-miss
25 silly fetch manifest @types/stats.js@*
26 silly packumentCache full:https://registry.npmjs.org/@types%2fstats.js cache-miss
27 silly fetch manifest @tweenjs/tween.js@~23.1.1
28 silly packumentCache full:https://registry.npmjs.org/@tweenjs%2ftween.js cache-miss
29 http fetch GET 200 https://registry.npmjs.org/fflate 77ms (cache miss)
30 silly packumentCache full:https://registry.npmjs.org/fflate set size:undefined disposed:false
31 http fetch GET 200 https://registry.npmjs.org/meshoptimizer 198ms (cache miss)
32 silly packumentCache full:https://registry.npmjs.org/meshoptimizer set size:undefined disposed:false
33 http fetch GET 200 https://registry.npmjs.org/@types%2fwebxr 199ms (cache miss)
34 silly packumentCache full:https://registry.npmjs.org/@types%2fwebxr set size:undefined disposed:false
35 http fetch GET 200 https://registry.npmjs.org/@types%2fstats.js 358ms (cache miss)
36 silly packumentCache full:https://registry.npmjs.org/@types%2fstats.js set size:undefined disposed:false
37 http fetch GET 200 https://registry.npmjs.org/@tweenjs%2ftween.js 493ms (cache miss)
38 silly packumentCache full:https://registry.npmjs.org/@tweenjs%2ftween.js set size:undefined disposed:false
39 silly placeDep ROOT @tweenjs/tween.js@23.1.3 OK for: @types/three@0.162.0 want: ~23.1.1
40 silly placeDep ROOT @types/stats.js@0.17.4 OK for: @types/three@0.162.0 want: *
41 silly placeDep ROOT @types/webxr@0.5.24 OK for: @types/three@0.162.0 want: *
42 silly placeDep ROOT fflate@0.6.10 OK for: @types/three@0.162.0 want: ~0.6.10
43 silly placeDep ROOT meshoptimizer@0.18.1 OK for: @types/three@0.162.0 want: ~0.18.1
44 silly reify moves {}
45 http cache meshoptimizer@https://registry.npmjs.org/meshoptimizer/-/meshoptimizer-0.18.1.tgz 0ms (cache hit)
46 http cache @tweenjs/tween.js@https://registry.npmjs.org/@tweenjs/tween.js/-/tween.js-23.1.3.tgz 0ms (cache hit)
47 http cache fflate@https://registry.npmjs.org/fflate/-/fflate-0.6.10.tgz 0ms (cache hit)
48 silly tarball no local data for meshoptimizer@https://registry.npmjs.org/meshoptimizer/-/meshoptimizer-0.18.1.tgz. Extracting by manifest.
49 http cache @types/three@https://registry.npmjs.org/@types/three/-/three-0.162.0.tgz 1ms (cache hit)
50 silly tarball no local data for @tweenjs/tween.js@https://registry.npmjs.org/@tweenjs/tween.js/-/tween.js-23.1.3.tgz. Extracting by manifest.
51 http cache @types/webxr@https://registry.npmjs.org/@types/webxr/-/webxr-0.5.24.tgz 0ms (cache hit)
52 http cache @types/stats.js@https://registry.npmjs.org/@types/stats.js/-/stats.js-0.17.4.tgz 0ms (cache hit)
53 silly tarball no local data for fflate@https://registry.npmjs.org/fflate/-/fflate-0.6.10.tgz. Extracting by manifest.
54 silly tarball no local data for @types/three@https://registry.npmjs.org/@types/three/-/three-0.162.0.tgz. Extracting by manifest.
55 silly tarball no local data for @types/webxr@https://registry.npmjs.org/@types/webxr/-/webxr-0.5.24.tgz. Extracting by manifest.
56 silly tarball no local data for @types/stats.js@https://registry.npmjs.org/@types/stats.js/-/stats.js-0.17.4.tgz. Extracting by manifest.
57 http fetch GET 200 https://registry.npmjs.org/@types/webxr/-/webxr-0.5.24.tgz 87ms (cache miss)
58 http fetch GET 200 https://registry.npmjs.org/@tweenjs/tween.js/-/tween.js-23.1.3.tgz 91ms (cache miss)
59 http fetch GET 200 https://registry.npmjs.org/meshoptimizer/-/meshoptimizer-0.18.1.tgz 92ms (cache miss)
60 http fetch GET 200 https://registry.npmjs.org/fflate/-/fflate-0.6.10.tgz 115ms (cache miss)
61 http fetch GET 200 https://registry.npmjs.org/@types/stats.js/-/stats.js-0.17.4.tgz 207ms (cache miss)
62 http fetch GET 200 https://registry.npmjs.org/@types/three/-/three-0.162.0.tgz 920ms (cache miss)
63 silly ADD node_modules/meshoptimizer
64 silly ADD node_modules/fflate
65 silly ADD node_modules/@types/webxr
66 silly ADD node_modules/@types/stats.js
67 silly ADD node_modules/@tweenjs/tween.js
68 silly ADD node_modules/@types/three
69 verbose cwd D:\aerial-program\new-platform\frontend
70 verbose os Windows_NT 10.0.26200
71 verbose node v24.15.0
72 verbose npm  v11.12.1
73 verbose exit 0
74 info ok
